Грамматика

    0 $accept: input $end

    1 input: ε
    2      | input line

    3 line: '\n'
    4     | exp '\n'
    5     | error '\n'

    6 exp: NUM
    7    | VAR
    8    | VAR '=' exp
    9    | FUN '(' exp ')'
   10    | exp '+' exp
   11    | exp '-' exp
   12    | exp '*' exp
   13    | exp '/' exp
   14    | '-' exp
   15    | exp '^' exp
   16    | '(' exp ')'


Терминальные символы с правилами, в которых они появляются

    $end (0) 0
    '\n' (10) 3 4 5
    '(' (40) 9 16
    ')' (41) 9 16
    '*' (42) 12
    '+' (43) 10
    '-' (45) 11 14
    '/' (47) 13
    '=' (61) 8
    '^' (94) 15
    error (256) 5
    NUM <double> (258) 6
    VAR <symrec*> (259) 7 8
    FUN <symrec*> (260) 9
    NEG (261)


Нетерминальные символы с правилами, в которых они появляются

    $accept (16)
        on left: 0
    input (17)
        on left: 1 2
        on right: 0 2
    line (18)
        on left: 3 4 5
        on right: 2
    exp <double> (19)
        on left: 6 7 8 9 10 11 12 13 14 15 16
        on right: 4 8 9 10 11 12 13 14 15 16


Состояние 0

    0 $accept: • input $end

    $default  вывод с использованием правила 1 (input)

    input  переход в состояние 1


Состояние 1

    0 $accept: input • $end
    2 input: input • line

    $end   сдвиг, и переход в состояние 2
    error  сдвиг, и переход в состояние 3
    NUM    сдвиг, и переход в состояние 4
    VAR    сдвиг, и переход в состояние 5
    FUN    сдвиг, и переход в состояние 6
    '-'    сдвиг, и переход в состояние 7
    '\n'   сдвиг, и переход в состояние 8
    '('    сдвиг, и переход в состояние 9

    line  переход в состояние 10
    exp   переход в состояние 11


Состояние 2

    0 $accept: input $end •

    $default  принять


Состояние 3

    5 line: error • '\n'

    '\n'  сдвиг, и переход в состояние 12


Состояние 4

    6 exp: NUM •

    $default  вывод с использованием правила 6 (exp)


Состояние 5

    7 exp: VAR •
    8    | VAR • '=' exp

    '='  сдвиг, и переход в состояние 13

    $default  вывод с использованием правила 7 (exp)


Состояние 6

    9 exp: FUN • '(' exp ')'

    '('  сдвиг, и переход в состояние 14


Состояние 7

   14 exp: '-' • exp

    NUM  сдвиг, и переход в состояние 4
    VAR  сдвиг, и переход в состояние 5
    FUN  сдвиг, и переход в состояние 6
    '-'  сдвиг, и переход в состояние 7
    '('  сдвиг, и переход в состояние 9

    exp  переход в состояние 15


Состояние 8

    3 line: '\n' •

    $default  вывод с использованием правила 3 (line)


Состояние 9

   16 exp: '(' • exp ')'

    NUM  сдвиг, и переход в состояние 4
    VAR  сдвиг, и переход в состояние 5
    FUN  сдвиг, и переход в состояние 6
    '-'  сдвиг, и переход в состояние 7
    '('  сдвиг, и переход в состояние 9

    exp  переход в состояние 16


Состояние 10

    2 input: input line •

    $default  вывод с использованием правила 2 (input)


Состояние 11

    4 line: exp • '\n'
   10 exp: exp • '+' exp
   11    | exp • '-' exp
   12    | exp • '*' exp
   13    | exp • '/' exp
   15    | exp • '^' exp

    '-'   сдвиг, и переход в состояние 17
    '+'   сдвиг, и переход в состояние 18
    '*'   сдвиг, и переход в состояние 19
    '/'   сдвиг, и переход в состояние 20
    '^'   сдвиг, и переход в состояние 21
    '\n'  сдвиг, и переход в состояние 22


Состояние 12

    5 line: error '\n' •

    $default  вывод с использованием правила 5 (line)


Состояние 13

    8 exp: VAR '=' • exp

    NUM  сдвиг, и переход в состояние 4
    VAR  сдвиг, и переход в состояние 5
    FUN  сдвиг, и переход в состояние 6
    '-'  сдвиг, и переход в состояние 7
    '('  сдвиг, и переход в состояние 9

    exp  переход в состояние 23


Состояние 14

    9 exp: FUN '(' • exp ')'

    NUM  сдвиг, и переход в состояние 4
    VAR  сдвиг, и переход в состояние 5
    FUN  сдвиг, и переход в состояние 6
    '-'  сдвиг, и переход в состояние 7
    '('  сдвиг, и переход в состояние 9

    exp  переход в состояние 24


Состояние 15

   10 exp: exp • '+' exp
   11    | exp • '-' exp
   12    | exp • '*' exp
   13    | exp • '/' exp
   14    | '-' exp •
   15    | exp • '^' exp

    '^'  сдвиг, и переход в состояние 21

    $default  вывод с использованием правила 14 (exp)


Состояние 16

   10 exp: exp • '+' exp
   11    | exp • '-' exp
   12    | exp • '*' exp
   13    | exp • '/' exp
   15    | exp • '^' exp
   16    | '(' exp • ')'

    '-'  сдвиг, и переход в состояние 17
    '+'  сдвиг, и переход в состояние 18
    '*'  сдвиг, и переход в состояние 19
    '/'  сдвиг, и переход в состояние 20
    '^'  сдвиг, и переход в состояние 21
    ')'  сдвиг, и переход в состояние 25


Состояние 17

   11 exp: exp '-' • exp

    NUM  сдвиг, и переход в состояние 4
    VAR  сдвиг, и переход в состояние 5
    FUN  сдвиг, и переход в состояние 6
    '-'  сдвиг, и переход в состояние 7
    '('  сдвиг, и переход в состояние 9

    exp  переход в состояние 26


Состояние 18

   10 exp: exp '+' • exp

    NUM  сдвиг, и переход в состояние 4
    VAR  сдвиг, и переход в состояние 5
    FUN  сдвиг, и переход в состояние 6
    '-'  сдвиг, и переход в состояние 7
    '('  сдвиг, и переход в состояние 9

    exp  переход в состояние 27


Состояние 19

   12 exp: exp '*' • exp

    NUM  сдвиг, и переход в состояние 4
    VAR  сдвиг, и переход в состояние 5
    FUN  сдвиг, и переход в состояние 6
    '-'  сдвиг, и переход в состояние 7
    '('  сдвиг, и переход в состояние 9

    exp  переход в состояние 28


Состояние 20

   13 exp: exp '/' • exp

    NUM  сдвиг, и переход в состояние 4
    VAR  сдвиг, и переход в состояние 5
    FUN  сдвиг, и переход в состояние 6
    '-'  сдвиг, и переход в состояние 7
    '('  сдвиг, и переход в состояние 9

    exp  переход в состояние 29


Состояние 21

   15 exp: exp '^' • exp

    NUM  сдвиг, и переход в состояние 4
    VAR  сдвиг, и переход в состояние 5
    FUN  сдвиг, и переход в состояние 6
    '-'  сдвиг, и переход в состояние 7
    '('  сдвиг, и переход в состояние 9

    exp  переход в состояние 30


Состояние 22

    4 line: exp '\n' •

    $default  вывод с использованием правила 4 (line)


Состояние 23

    8 exp: VAR '=' exp •
   10    | exp • '+' exp
   11    | exp • '-' exp
   12    | exp • '*' exp
   13    | exp • '/' exp
   15    | exp • '^' exp

    '-'  сдвиг, и переход в состояние 17
    '+'  сдвиг, и переход в состояние 18
    '*'  сдвиг, и переход в состояние 19
    '/'  сдвиг, и переход в состояние 20
    '^'  сдвиг, и переход в состояние 21

    $default  вывод с использованием правила 8 (exp)


Состояние 24

    9 exp: FUN '(' exp • ')'
   10    | exp • '+' exp
   11    | exp • '-' exp
   12    | exp • '*' exp
   13    | exp • '/' exp
   15    | exp • '^' exp

    '-'  сдвиг, и переход в состояние 17
    '+'  сдвиг, и переход в состояние 18
    '*'  сдвиг, и переход в состояние 19
    '/'  сдвиг, и переход в состояние 20
    '^'  сдвиг, и переход в состояние 21
    ')'  сдвиг, и переход в состояние 31


Состояние 25

   16 exp: '(' exp ')' •

    $default  вывод с использованием правила 16 (exp)


Состояние 26

   10 exp: exp • '+' exp
   11    | exp • '-' exp
   11    | exp '-' exp •
   12    | exp • '*' exp
   13    | exp • '/' exp
   15    | exp • '^' exp

    '*'  сдвиг, и переход в состояние 19
    '/'  сдвиг, и переход в состояние 20
    '^'  сдвиг, и переход в состояние 21

    $default  вывод с использованием правила 11 (exp)


Состояние 27

   10 exp: exp • '+' exp
   10    | exp '+' exp •
   11    | exp • '-' exp
   12    | exp • '*' exp
   13    | exp • '/' exp
   15    | exp • '^' exp

    '*'  сдвиг, и переход в состояние 19
    '/'  сдвиг, и переход в состояние 20
    '^'  сдвиг, и переход в состояние 21

    $default  вывод с использованием правила 10 (exp)


Состояние 28

   10 exp: exp • '+' exp
   11    | exp • '-' exp
   12    | exp • '*' exp
   12    | exp '*' exp •
   13    | exp • '/' exp
   15    | exp • '^' exp

    '^'  сдвиг, и переход в состояние 21

    $default  вывод с использованием правила 12 (exp)


Состояние 29

   10 exp: exp • '+' exp
   11    | exp • '-' exp
   12    | exp • '*' exp
   13    | exp • '/' exp
   13    | exp '/' exp •
   15    | exp • '^' exp

    '^'  сдвиг, и переход в состояние 21

    $default  вывод с использованием правила 13 (exp)


Состояние 30

   10 exp: exp • '+' exp
   11    | exp • '-' exp
   12    | exp • '*' exp
   13    | exp • '/' exp
   15    | exp • '^' exp
   15    | exp '^' exp •

    '^'  сдвиг, и переход в состояние 21

    $default  вывод с использованием правила 15 (exp)


Состояние 31

    9 exp: FUN '(' exp ')' •

    $default  вывод с использованием правила 9 (exp)
