Терминалы не используются в грамматике

    ERROR


Грамматика

    0 $accept: program $end

    1 program: class_list

    2 class_list: class
    3           | class_list class
    4           | error ';' class

    5 class: CLASS TYPEID '{' feature_list '}' ';'
    6      | CLASS TYPEID INHERITS TYPEID '{' feature_list '}' ';'

    7 feature_list: ε
    8             | feature_list feature

    9 feature: OBJECTID ':' TYPEID optional_assign ';'
   10        | OBJECTID '(' formal_list ')' ':' TYPEID '{' expr '}' ';'
   11        | error ';'

   12 formal_list: ε
   13            | formal
   14            | formal_list ',' formal

   15 formal: OBJECTID ':' TYPEID

   16 expr_list_comma: ε
   17                | expr
   18                | expr_list_comma ',' expr

   19 expr_list_simicolon: expr ';'
   20                    | expr_list_simicolon expr ';'
   21                    | error ';'

   22 expr: STR_CONST
   23     | INT_CONST
   24     | BOOL_CONST
   25     | OBJECTID
   26     | OBJECTID ASSIGN expr
   27     | expr '.' OBJECTID '(' expr_list_comma ')'
   28     | OBJECTID '(' expr_list_comma ')'
   29     | expr '@' TYPEID '.' OBJECTID '(' expr_list_comma ')'
   30     | IF expr THEN expr ELSE expr FI
   31     | WHILE expr LOOP expr POOL
   32     | '{' expr_list_simicolon '}'
   33     | let_expr
   34     | CASE expr OF case_list ESAC
   35     | NEW TYPEID
   36     | ISVOID expr
   37     | expr '+' expr
   38     | expr '-' expr
   39     | expr '*' expr
   40     | expr '/' expr
   41     | '~' expr
   42     | expr '<' expr
   43     | expr '=' expr
   44     | expr LE expr
   45     | NOT expr
   46     | '(' expr ')'

   47 case_list: ε
   48          | case_list case

   49 case: OBJECTID ':' TYPEID DARROW expr ';'

   50 let_expr: LET let_binding_list IN expr

   51 let_binding_list: let_binding
   52                 | let_binding_list ',' let_binding
   53                 | error ',' let_binding

   54 let_binding: OBJECTID ':' TYPEID optional_assign

   55 optional_assign: ε
   56                | ASSIGN expr


Терминальные символы с правилами, в которых они появляются

    $end (0) 0
    '(' (40) 10 27 28 29 46
    ')' (41) 10 27 28 29 46
    '*' (42) 39
    '+' (43) 37
    ',' (44) 14 18 52 53
    '-' (45) 38
    '.' (46) 27 29
    '/' (47) 40
    ':' (58) 9 10 15 49 54
    ';' (59) 4 5 6 9 10 11 19 20 21 49
    '<' (60) 42
    '=' (61) 43
    '@' (64) 29
    '{' (123) 5 6 10 32
    '}' (125) 5 6 10 32
    '~' (126) 41
    error (256) 4 11 21 53
    CLASS (258) 5 6
    ELSE (259) 30
    FI (260) 30
    IF (261) 30
    IN (262) 50
    INHERITS (263) 6
    LET (264) 50
    LOOP (265) 31
    POOL (266) 31
    THEN (267) 30
    WHILE (268) 31
    CASE (269) 34
    ESAC (270) 34
    OF (271) 34
    DARROW (272) 49
    NEW (273) 35
    ISVOID (274) 36
    STR_CONST <symbol> (275) 22
    INT_CONST <symbol> (276) 23
    BOOL_CONST <boolean> (277) 24
    TYPEID <symbol> (278) 5 6 9 10 15 29 35 49 54
    OBJECTID <symbol> (279) 9 10 15 25 26 27 28 29 49 54
    ASSIGN (280) 26 56
    NOT (281) 45
    LE (282) 44
    ERROR (283)


Нетерминальные символы с правилами, в которых они появляются

    $accept (45)
        on left: 0
    program <program> (46)
        on left: 1
        on right: 0
    class_list <classes> (47)
        on left: 2 3 4
        on right: 1 3
    class <class_> (48)
        on left: 5 6
        on right: 2 3 4
    feature_list <features> (49)
        on left: 7 8
        on right: 5 6 8
    feature <feature> (50)
        on left: 9 10 11
        on right: 8
    formal_list <formals> (51)
        on left: 12 13 14
        on right: 10 14
    formal <formal> (52)
        on left: 15
        on right: 13 14
    expr_list_comma <expressions> (53)
        on left: 16 17 18
        on right: 18 27 28 29
    expr_list_simicolon <expressions> (54)
        on left: 19 20 21
        on right: 20 32
    expr <expression> (55)
        on left: 22 23 24 25 26 27 28 29 30 31 32 33 34 35 36 37 38 39 40 41 42 43 44 45 46
        on right: 10 17 18 19 20 26 27 29 30 31 34 36 37 38 39 40 41 42 43 44 45 46 49 50 56
    case_list <cases> (56)
        on left: 47 48
        on right: 34 48
    case <case_> (57)
        on left: 49
        on right: 48
    let_expr <expression> (58)
        on left: 50
        on right: 33
    let_binding_list <expression> (59)
        on left: 51 52 53
        on right: 50 52
    let_binding <expression> (60)
        on left: 54
        on right: 51 52 53
    optional_assign <expression> (61)
        on left: 55 56
        on right: 9 54


Состояние 0

    0 $accept: • program $end

    error  сдвиг, и переход в состояние 1
    CLASS  сдвиг, и переход в состояние 2

    program     переход в состояние 3
    class_list  переход в состояние 4
    class       переход в состояние 5


Состояние 1

    4 class_list: error • ';' class

    ';'  сдвиг, и переход в состояние 6


Состояние 2

    5 class: CLASS • TYPEID '{' feature_list '}' ';'
    6      | CLASS • TYPEID INHERITS TYPEID '{' feature_list '}' ';'

    TYPEID  сдвиг, и переход в состояние 7


Состояние 3

    0 $accept: program • $end

    $end  сдвиг, и переход в состояние 8


Состояние 4

    1 program: class_list •
    3 class_list: class_list • class

    CLASS  сдвиг, и переход в состояние 2

    $default  вывод с использованием правила 1 (program)

    class  переход в состояние 9


Состояние 5

    2 class_list: class •

    $default  вывод с использованием правила 2 (class_list)


Состояние 6

    4 class_list: error ';' • class

    CLASS  сдвиг, и переход в состояние 2

    class  переход в состояние 10


Состояние 7

    5 class: CLASS TYPEID • '{' feature_list '}' ';'
    6      | CLASS TYPEID • INHERITS TYPEID '{' feature_list '}' ';'

    INHERITS  сдвиг, и переход в состояние 11
    '{'       сдвиг, и переход в состояние 12


Состояние 8

    0 $accept: program $end •

    $default  принять


Состояние 9

    3 class_list: class_list class •

    $default  вывод с использованием правила 3 (class_list)


Состояние 10

    4 class_list: error ';' class •

    $default  вывод с использованием правила 4 (class_list)


Состояние 11

    6 class: CLASS TYPEID INHERITS • TYPEID '{' feature_list '}' ';'

    TYPEID  сдвиг, и переход в состояние 13


Состояние 12

    5 class: CLASS TYPEID '{' • feature_list '}' ';'

    $default  вывод с использованием правила 7 (feature_list)

    feature_list  переход в состояние 14


Состояние 13

    6 class: CLASS TYPEID INHERITS TYPEID • '{' feature_list '}' ';'

    '{'  сдвиг, и переход в состояние 15


Состояние 14

    5 class: CLASS TYPEID '{' feature_list • '}' ';'
    8 feature_list: feature_list • feature

    error     сдвиг, и переход в состояние 16
    OBJECTID  сдвиг, и переход в состояние 17
    '}'       сдвиг, и переход в состояние 18

    feature  переход в состояние 19


Состояние 15

    6 class: CLASS TYPEID INHERITS TYPEID '{' • feature_list '}' ';'

    $default  вывод с использованием правила 7 (feature_list)

    feature_list  переход в состояние 20


Состояние 16

   11 feature: error • ';'

    ';'  сдвиг, и переход в состояние 21


Состояние 17

    9 feature: OBJECTID • ':' TYPEID optional_assign ';'
   10        | OBJECTID • '(' formal_list ')' ':' TYPEID '{' expr '}' ';'

    ':'  сдвиг, и переход в состояние 22
    '('  сдвиг, и переход в состояние 23


Состояние 18

    5 class: CLASS TYPEID '{' feature_list '}' • ';'

    ';'  сдвиг, и переход в состояние 24


Состояние 19

    8 feature_list: feature_list feature •

    $default  вывод с использованием правила 8 (feature_list)


Состояние 20

    6 class: CLASS TYPEID INHERITS TYPEID '{' feature_list • '}' ';'
    8 feature_list: feature_list • feature

    error     сдвиг, и переход в состояние 16
    OBJECTID  сдвиг, и переход в состояние 17
    '}'       сдвиг, и переход в состояние 25

    feature  переход в состояние 19


Состояние 21

   11 feature: error ';' •

    $default  вывод с использованием правила 11 (feature)


Состояние 22

    9 feature: OBJECTID ':' • TYPEID optional_assign ';'

    TYPEID  сдвиг, и переход в состояние 26


Состояние 23

   10 feature: OBJECTID '(' • formal_list ')' ':' TYPEID '{' expr '}' ';'

    OBJECTID  сдвиг, и переход в состояние 27

    $default  вывод с использованием правила 12 (formal_list)

    formal_list  переход в состояние 28
    formal       переход в состояние 29


Состояние 24

    5 class: CLASS TYPEID '{' feature_list '}' ';' •

    $default  вывод с использованием правила 5 (class)


Состояние 25

    6 class: CLASS TYPEID INHERITS TYPEID '{' feature_list '}' • ';'

    ';'  сдвиг, и переход в состояние 30


Состояние 26

    9 feature: OBJECTID ':' TYPEID • optional_assign ';'

    ASSIGN  сдвиг, и переход в состояние 31

    $default  вывод с использованием правила 55 (optional_assign)

    optional_assign  переход в состояние 32


Состояние 27

   15 formal: OBJECTID • ':' TYPEID

    ':'  сдвиг, и переход в состояние 33


Состояние 28

   10 feature: OBJECTID '(' formal_list • ')' ':' TYPEID '{' expr '}' ';'
   14 formal_list: formal_list • ',' formal

    ')'  сдвиг, и переход в состояние 34
    ','  сдвиг, и переход в состояние 35


Состояние 29

   13 formal_list: formal •

    $default  вывод с использованием правила 13 (formal_list)


Состояние 30

    6 class: CLASS TYPEID INHERITS TYPEID '{' feature_list '}' ';' •

    $default  вывод с использованием правила 6 (class)


Состояние 31

   56 optional_assign: ASSIGN • expr

    IF          сдвиг, и переход в состояние 36
    LET         сдвиг, и переход в состояние 37
    WHILE       сдвиг, и переход в состояние 38
    CASE        сдвиг, и переход в состояние 39
    NEW         сдвиг, и переход в состояние 40
    ISVOID      сдвиг, и переход в состояние 41
    STR_CONST   сдвиг, и переход в состояние 42
    INT_CONST   сдвиг, и переход в состояние 43
    BOOL_CONST  сдвиг, и переход в состояние 44
    OBJECTID    сдвиг, и переход в состояние 45
    NOT         сдвиг, и переход в состояние 46
    '~'         сдвиг, и переход в состояние 47
    '{'         сдвиг, и переход в состояние 48
    '('         сдвиг, и переход в состояние 49

    expr      переход в состояние 50
    let_expr  переход в состояние 51


Состояние 32

    9 feature: OBJECTID ':' TYPEID optional_assign • ';'

    ';'  сдвиг, и переход в состояние 52


Состояние 33

   15 formal: OBJECTID ':' • TYPEID

    TYPEID  сдвиг, и переход в состояние 53


Состояние 34

   10 feature: OBJECTID '(' formal_list ')' • ':' TYPEID '{' expr '}' ';'

    ':'  сдвиг, и переход в состояние 54


Состояние 35

   14 formal_list: formal_list ',' • formal

    OBJECTID  сдвиг, и переход в состояние 27

    formal  переход в состояние 55


Состояние 36

   30 expr: IF • expr THEN expr ELSE expr FI

    IF          сдвиг, и переход в состояние 36
    LET         сдвиг, и переход в состояние 37
    WHILE       сдвиг, и переход в состояние 38
    CASE        сдвиг, и переход в состояние 39
    NEW         сдвиг, и переход в состояние 40
    ISVOID      сдвиг, и переход в состояние 41
    STR_CONST   сдвиг, и переход в состояние 42
    INT_CONST   сдвиг, и переход в состояние 43
    BOOL_CONST  сдвиг, и переход в состояние 44
    OBJECTID    сдвиг, и переход в состояние 45
    NOT         сдвиг, и переход в состояние 46
    '~'         сдвиг, и переход в состояние 47
    '{'         сдвиг, и переход в состояние 48
    '('         сдвиг, и переход в состояние 49

    expr      переход в состояние 56
    let_expr  переход в состояние 51


Состояние 37

   50 let_expr: LET • let_binding_list IN expr

    error     сдвиг, и переход в состояние 57
    OBJECTID  сдвиг, и переход в состояние 58

    let_binding_list  переход в состояние 59
    let_binding       переход в состояние 60


Состояние 38

   31 expr: WHILE • expr LOOP expr POOL

    IF          сдвиг, и переход в состояние 36
    LET         сдвиг, и переход в состояние 37
    WHILE       сдвиг, и переход в состояние 38
    CASE        сдвиг, и переход в состояние 39
    NEW         сдвиг, и переход в состояние 40
    ISVOID      сдвиг, и переход в состояние 41
    STR_CONST   сдвиг, и переход в состояние 42
    INT_CONST   сдвиг, и переход в состояние 43
    BOOL_CONST  сдвиг, и переход в состояние 44
    OBJECTID    сдвиг, и переход в состояние 45
    NOT         сдвиг, и переход в состояние 46
    '~'         сдвиг, и переход в состояние 47
    '{'         сдвиг, и переход в состояние 48
    '('         сдвиг, и переход в состояние 49

    expr      переход в состояние 61
    let_expr  переход в состояние 51


Состояние 39

   34 expr: CASE • expr OF case_list ESAC

    IF          сдвиг, и переход в состояние 36
    LET         сдвиг, и переход в состояние 37
    WHILE       сдвиг, и переход в состояние 38
    CASE        сдвиг, и переход в состояние 39
    NEW         сдвиг, и переход в состояние 40
    ISVOID      сдвиг, и переход в состояние 41
    STR_CONST   сдвиг, и переход в состояние 42
    INT_CONST   сдвиг, и переход в состояние 43
    BOOL_CONST  сдвиг, и переход в состояние 44
    OBJECTID    сдвиг, и переход в состояние 45
    NOT         сдвиг, и переход в состояние 46
    '~'         сдвиг, и переход в состояние 47
    '{'         сдвиг, и переход в состояние 48
    '('         сдвиг, и переход в состояние 49

    expr      переход в состояние 62
    let_expr  переход в состояние 51


Состояние 40

   35 expr: NEW • TYPEID

    TYPEID  сдвиг, и переход в состояние 63


Состояние 41

   36 expr: ISVOID • expr

    IF          сдвиг, и переход в состояние 36
    LET         сдвиг, и переход в состояние 37
    WHILE       сдвиг, и переход в состояние 38
    CASE        сдвиг, и переход в состояние 39
    NEW         сдвиг, и переход в состояние 40
    ISVOID      сдвиг, и переход в состояние 41
    STR_CONST   сдвиг, и переход в состояние 42
    INT_CONST   сдвиг, и переход в состояние 43
    BOOL_CONST  сдвиг, и переход в состояние 44
    OBJECTID    сдвиг, и переход в состояние 45
    NOT         сдвиг, и переход в состояние 46
    '~'         сдвиг, и переход в состояние 47
    '{'         сдвиг, и переход в состояние 48
    '('         сдвиг, и переход в состояние 49

    expr      переход в состояние 64
    let_expr  переход в состояние 51


Состояние 42

   22 expr: STR_CONST •

    $default  вывод с использованием правила 22 (expr)


Состояние 43

   23 expr: INT_CONST •

    $default  вывод с использованием правила 23 (expr)


Состояние 44

   24 expr: BOOL_CONST •

    $default  вывод с использованием правила 24 (expr)


Состояние 45

   25 expr: OBJECTID •
   26     | OBJECTID • ASSIGN expr
   28     | OBJECTID • '(' expr_list_comma ')'

    ASSIGN  сдвиг, и переход в состояние 65
    '('     сдвиг, и переход в состояние 66

    $default  вывод с использованием правила 25 (expr)


Состояние 46

   45 expr: NOT • expr

    IF          сдвиг, и переход в состояние 36
    LET         сдвиг, и переход в состояние 37
    WHILE       сдвиг, и переход в состояние 38
    CASE        сдвиг, и переход в состояние 39
    NEW         сдвиг, и переход в состояние 40
    ISVOID      сдвиг, и переход в состояние 41
    STR_CONST   сдвиг, и переход в состояние 42
    INT_CONST   сдвиг, и переход в состояние 43
    BOOL_CONST  сдвиг, и переход в состояние 44
    OBJECTID    сдвиг, и переход в состояние 45
    NOT         сдвиг, и переход в состояние 46
    '~'         сдвиг, и переход в состояние 47
    '{'         сдвиг, и переход в состояние 48
    '('         сдвиг, и переход в состояние 49

    expr      переход в состояние 67
    let_expr  переход в состояние 51


Состояние 47

   41 expr: '~' • expr

    IF          сдвиг, и переход в состояние 36
    LET         сдвиг, и переход в состояние 37
    WHILE       сдвиг, и переход в состояние 38
    CASE        сдвиг, и переход в состояние 39
    NEW         сдвиг, и переход в состояние 40
    ISVOID      сдвиг, и переход в состояние 41
    STR_CONST   сдвиг, и переход в состояние 42
    INT_CONST   сдвиг, и переход в состояние 43
    BOOL_CONST  сдвиг, и переход в состояние 44
    OBJECTID    сдвиг, и переход в состояние 45
    NOT         сдвиг, и переход в состояние 46
    '~'         сдвиг, и переход в состояние 47
    '{'         сдвиг, и переход в состояние 48
    '('         сдвиг, и переход в состояние 49

    expr      переход в состояние 68
    let_expr  переход в состояние 51


Состояние 48

   32 expr: '{' • expr_list_simicolon '}'

    error       сдвиг, и переход в состояние 69
    IF          сдвиг, и переход в состояние 36
    LET         сдвиг, и переход в состояние 37
    WHILE       сдвиг, и переход в состояние 38
    CASE        сдвиг, и переход в состояние 39
    NEW         сдвиг, и переход в состояние 40
    ISVOID      сдвиг, и переход в состояние 41
    STR_CONST   сдвиг, и переход в состояние 42
    INT_CONST   сдвиг, и переход в состояние 43
    BOOL_CONST  сдвиг, и переход в состояние 44
    OBJECTID    сдвиг, и переход в состояние 45
    NOT         сдвиг, и переход в состояние 46
    '~'         сдвиг, и переход в состояние 47
    '{'         сдвиг, и переход в состояние 48
    '('         сдвиг, и переход в состояние 49

    expr_list_simicolon  переход в состояние 70
    expr                 переход в состояние 71
    let_expr             переход в состояние 51


Состояние 49

   46 expr: '(' • expr ')'

    IF          сдвиг, и переход в состояние 36
    LET         сдвиг, и переход в состояние 37
    WHILE       сдвиг, и переход в состояние 38
    CASE        сдвиг, и переход в состояние 39
    NEW         сдвиг, и переход в состояние 40
    ISVOID      сдвиг, и переход в состояние 41
    STR_CONST   сдвиг, и переход в состояние 42
    INT_CONST   сдвиг, и переход в состояние 43
    BOOL_CONST  сдвиг, и переход в состояние 44
    OBJECTID    сдвиг, и переход в состояние 45
    NOT         сдвиг, и переход в состояние 46
    '~'         сдвиг, и переход в состояние 47
    '{'         сдвиг, и переход в состояние 48
    '('         сдвиг, и переход в состояние 49

    expr      переход в состояние 72
    let_expr  переход в состояние 51


Состояние 50

   27 expr: expr • '.' OBJECTID '(' expr_list_comma ')'
   29     | expr • '@' TYPEID '.' OBJECTID '(' expr_list_comma ')'
   37     | expr • '+' expr
   38     | expr • '-' expr
   39     | expr • '*' expr
   40     | expr • '/' expr
   42     | expr • '<' expr
   43     | expr • '=' expr
   44     | expr • LE expr
   56 optional_assign: ASSIGN expr •

    LE   сдвиг, и переход в состояние 73
    '<'  сдвиг, и переход в состояние 74
    '='  сдвиг, и переход в состояние 75
    '+'  сдвиг, и переход в состояние 76
    '-'  сдвиг, и переход в состояние 77
    '*'  сдвиг, и переход в состояние 78
    '/'  сдвиг, и переход в состояние 79
    '@'  сдвиг, и переход в состояние 80
    '.'  сдвиг, и переход в состояние 81

    $default  вывод с использованием правила 56 (optional_assign)


Состояние 51

   33 expr: let_expr •

    $default  вывод с использованием правила 33 (expr)


Состояние 52

    9 feature: OBJECTID ':' TYPEID optional_assign ';' •

    $default  вывод с использованием правила 9 (feature)


Состояние 53

   15 formal: OBJECTID ':' TYPEID •

    $default  вывод с использованием правила 15 (formal)


Состояние 54

   10 feature: OBJECTID '(' formal_list ')' ':' • TYPEID '{' expr '}' ';'

    TYPEID  сдвиг, и переход в состояние 82


Состояние 55

   14 formal_list: formal_list ',' formal •

    $default  вывод с использованием правила 14 (formal_list)


Состояние 56

   27 expr: expr • '.' OBJECTID '(' expr_list_comma ')'
   29     | expr • '@' TYPEID '.' OBJECTID '(' expr_list_comma ')'
   30     | IF expr • THEN expr ELSE expr FI
   37     | expr • '+' expr
   38     | expr • '-' expr
   39     | expr • '*' expr
   40     | expr • '/' expr
   42     | expr • '<' expr
   43     | expr • '=' expr
   44     | expr • LE expr

    THEN  сдвиг, и переход в состояние 83
    LE    сдвиг, и переход в состояние 73
    '<'   сдвиг, и переход в состояние 74
    '='   сдвиг, и переход в состояние 75
    '+'   сдвиг, и переход в состояние 76
    '-'   сдвиг, и переход в состояние 77
    '*'   сдвиг, и переход в состояние 78
    '/'   сдвиг, и переход в состояние 79
    '@'   сдвиг, и переход в состояние 80
    '.'   сдвиг, и переход в состояние 81


Состояние 57

   53 let_binding_list: error • ',' let_binding

    ','  сдвиг, и переход в состояние 84


Состояние 58

   54 let_binding: OBJECTID • ':' TYPEID optional_assign

    ':'  сдвиг, и переход в состояние 85


Состояние 59

   50 let_expr: LET let_binding_list • IN expr
   52 let_binding_list: let_binding_list • ',' let_binding

    IN   сдвиг, и переход в состояние 86
    ','  сдвиг, и переход в состояние 87


Состояние 60

   51 let_binding_list: let_binding •

    $default  вывод с использованием правила 51 (let_binding_list)


Состояние 61

   27 expr: expr • '.' OBJECTID '(' expr_list_comma ')'
   29     | expr • '@' TYPEID '.' OBJECTID '(' expr_list_comma ')'
   31     | WHILE expr • LOOP expr POOL
   37     | expr • '+' expr
   38     | expr • '-' expr
   39     | expr • '*' expr
   40     | expr • '/' expr
   42     | expr • '<' expr
   43     | expr • '=' expr
   44     | expr • LE expr

    LOOP  сдвиг, и переход в состояние 88
    LE    сдвиг, и переход в состояние 73
    '<'   сдвиг, и переход в состояние 74
    '='   сдвиг, и переход в состояние 75
    '+'   сдвиг, и переход в состояние 76
    '-'   сдвиг, и переход в состояние 77
    '*'   сдвиг, и переход в состояние 78
    '/'   сдвиг, и переход в состояние 79
    '@'   сдвиг, и переход в состояние 80
    '.'   сдвиг, и переход в состояние 81


Состояние 62

   27 expr: expr • '.' OBJECTID '(' expr_list_comma ')'
   29     | expr • '@' TYPEID '.' OBJECTID '(' expr_list_comma ')'
   34     | CASE expr • OF case_list ESAC
   37     | expr • '+' expr
   38     | expr • '-' expr
   39     | expr • '*' expr
   40     | expr • '/' expr
   42     | expr • '<' expr
   43     | expr • '=' expr
   44     | expr • LE expr

    OF   сдвиг, и переход в состояние 89
    LE   сдвиг, и переход в состояние 73
    '<'  сдвиг, и переход в состояние 74
    '='  сдвиг, и переход в состояние 75
    '+'  сдвиг, и переход в состояние 76
    '-'  сдвиг, и переход в состояние 77
    '*'  сдвиг, и переход в состояние 78
    '/'  сдвиг, и переход в состояние 79
    '@'  сдвиг, и переход в состояние 80
    '.'  сдвиг, и переход в состояние 81


Состояние 63

   35 expr: NEW TYPEID •

    $default  вывод с использованием правила 35 (expr)


Состояние 64

   27 expr: expr • '.' OBJECTID '(' expr_list_comma ')'
   29     | expr • '@' TYPEID '.' OBJECTID '(' expr_list_comma ')'
   36     | ISVOID expr •
   37     | expr • '+' expr
   38     | expr • '-' expr
   39     | expr • '*' expr
   40     | expr • '/' expr
   42     | expr • '<' expr
   43     | expr • '=' expr
   44     | expr • LE expr

    '@'  сдвиг, и переход в состояние 80
    '.'  сдвиг, и переход в состояние 81

    $default  вывод с использованием правила 36 (expr)


Состояние 65

   26 expr: OBJECTID ASSIGN • expr

    IF          сдвиг, и переход в состояние 36
    LET         сдвиг, и переход в состояние 37
    WHILE       сдвиг, и переход в состояние 38
    CASE        сдвиг, и переход в состояние 39
    NEW         сдвиг, и переход в состояние 40
    ISVOID      сдвиг, и переход в состояние 41
    STR_CONST   сдвиг, и переход в состояние 42
    INT_CONST   сдвиг, и переход в состояние 43
    BOOL_CONST  сдвиг, и переход в состояние 44
    OBJECTID    сдвиг, и переход в состояние 45
    NOT         сдвиг, и переход в состояние 46
    '~'         сдвиг, и переход в состояние 47
    '{'         сдвиг, и переход в состояние 48
    '('         сдвиг, и переход в состояние 49

    expr      переход в состояние 90
    let_expr  переход в состояние 51


Состояние 66

   28 expr: OBJECTID '(' • expr_list_comma ')'

    IF          сдвиг, и переход в состояние 36
    LET         сдвиг, и переход в состояние 37
    WHILE       сдвиг, и переход в состояние 38
    CASE        сдвиг, и переход в состояние 39
    NEW         сдвиг, и переход в состояние 40
    ISVOID      сдвиг, и переход в состояние 41
    STR_CONST   сдвиг, и переход в состояние 42
    INT_CONST   сдвиг, и переход в состояние 43
    BOOL_CONST  сдвиг, и переход в состояние 44
    OBJECTID    сдвиг, и переход в состояние 45
    NOT         сдвиг, и переход в состояние 46
    '~'         сдвиг, и переход в состояние 47
    '{'         сдвиг, и переход в состояние 48
    '('         сдвиг, и переход в состояние 49

    $default  вывод с использованием правила 16 (expr_list_comma)

    expr_list_comma  переход в состояние 91
    expr             переход в состояние 92
    let_expr         переход в состояние 51


Состояние 67

   27 expr: expr • '.' OBJECTID '(' expr_list_comma ')'
   29     | expr • '@' TYPEID '.' OBJECTID '(' expr_list_comma ')'
   37     | expr • '+' expr
   38     | expr • '-' expr
   39     | expr • '*' expr
   40     | expr • '/' expr
   42     | expr • '<' expr
   43     | expr • '=' expr
   44     | expr • LE expr
   45     | NOT expr •

    LE   сдвиг, и переход в состояние 73
    '<'  сдвиг, и переход в состояние 74
    '='  сдвиг, и переход в состояние 75
    '+'  сдвиг, и переход в состояние 76
    '-'  сдвиг, и переход в состояние 77
    '*'  сдвиг, и переход в состояние 78
    '/'  сдвиг, и переход в состояние 79
    '@'  сдвиг, и переход в состояние 80
    '.'  сдвиг, и переход в состояние 81

    $default  вывод с использованием правила 45 (expr)


Состояние 68

   27 expr: expr • '.' OBJECTID '(' expr_list_comma ')'
   29     | expr • '@' TYPEID '.' OBJECTID '(' expr_list_comma ')'
   37     | expr • '+' expr
   38     | expr • '-' expr
   39     | expr • '*' expr
   40     | expr • '/' expr
   41     | '~' expr •
   42     | expr • '<' expr
   43     | expr • '=' expr
   44     | expr • LE expr

    '@'  сдвиг, и переход в состояние 80
    '.'  сдвиг, и переход в состояние 81

    $default  вывод с использованием правила 41 (expr)


Состояние 69

   21 expr_list_simicolon: error • ';'

    ';'  сдвиг, и переход в состояние 93


Состояние 70

   20 expr_list_simicolon: expr_list_simicolon • expr ';'
   32 expr: '{' expr_list_simicolon • '}'

    IF          сдвиг, и переход в состояние 36
    LET         сдвиг, и переход в состояние 37
    WHILE       сдвиг, и переход в состояние 38
    CASE        сдвиг, и переход в состояние 39
    NEW         сдвиг, и переход в состояние 40
    ISVOID      сдвиг, и переход в состояние 41
    STR_CONST   сдвиг, и переход в состояние 42
    INT_CONST   сдвиг, и переход в состояние 43
    BOOL_CONST  сдвиг, и переход в состояние 44
    OBJECTID    сдвиг, и переход в состояние 45
    NOT         сдвиг, и переход в состояние 46
    '~'         сдвиг, и переход в состояние 47
    '{'         сдвиг, и переход в состояние 48
    '}'         сдвиг, и переход в состояние 94
    '('         сдвиг, и переход в состояние 49

    expr      переход в состояние 95
    let_expr  переход в состояние 51


Состояние 71

   19 expr_list_simicolon: expr • ';'
   27 expr: expr • '.' OBJECTID '(' expr_list_comma ')'
   29     | expr • '@' TYPEID '.' OBJECTID '(' expr_list_comma ')'
   37     | expr • '+' expr
   38     | expr • '-' expr
   39     | expr • '*' expr
   40     | expr • '/' expr
   42     | expr • '<' expr
   43     | expr • '=' expr
   44     | expr • LE expr

    LE   сдвиг, и переход в состояние 73
    '<'  сдвиг, и переход в состояние 74
    '='  сдвиг, и переход в состояние 75
    '+'  сдвиг, и переход в состояние 76
    '-'  сдвиг, и переход в состояние 77
    '*'  сдвиг, и переход в состояние 78
    '/'  сдвиг, и переход в состояние 79
    '@'  сдвиг, и переход в состояние 80
    '.'  сдвиг, и переход в состояние 81
    ';'  сдвиг, и переход в состояние 96


Состояние 72

   27 expr: expr • '.' OBJECTID '(' expr_list_comma ')'
   29     | expr • '@' TYPEID '.' OBJECTID '(' expr_list_comma ')'
   37     | expr • '+' expr
   38     | expr • '-' expr
   39     | expr • '*' expr
   40     | expr • '/' expr
   42     | expr • '<' expr
   43     | expr • '=' expr
   44     | expr • LE expr
   46     | '(' expr • ')'

    LE   сдвиг, и переход в состояние 73
    '<'  сдвиг, и переход в состояние 74
    '='  сдвиг, и переход в состояние 75
    '+'  сдвиг, и переход в состояние 76
    '-'  сдвиг, и переход в состояние 77
    '*'  сдвиг, и переход в состояние 78
    '/'  сдвиг, и переход в состояние 79
    '@'  сдвиг, и переход в состояние 80
    '.'  сдвиг, и переход в состояние 81
    ')'  сдвиг, и переход в состояние 97


Состояние 73

   44 expr: expr LE • expr

    IF          сдвиг, и переход в состояние 36
    LET         сдвиг, и переход в состояние 37
    WHILE       сдвиг, и переход в состояние 38
    CASE        сдвиг, и переход в состояние 39
    NEW         сдвиг, и переход в состояние 40
    ISVOID      сдвиг, и переход в состояние 41
    STR_CONST   сдвиг, и переход в состояние 42
    INT_CONST   сдвиг, и переход в состояние 43
    BOOL_CONST  сдвиг, и переход в состояние 44
    OBJECTID    сдвиг, и переход в состояние 45
    NOT         сдвиг, и переход в состояние 46
    '~'         сдвиг, и переход в состояние 47
    '{'         сдвиг, и переход в состояние 48
    '('         сдвиг, и переход в состояние 49

    expr      переход в состояние 98
    let_expr  переход в состояние 51


Состояние 74

   42 expr: expr '<' • expr

    IF          сдвиг, и переход в состояние 36
    LET         сдвиг, и переход в состояние 37
    WHILE       сдвиг, и переход в состояние 38
    CASE        сдвиг, и переход в состояние 39
    NEW         сдвиг, и переход в состояние 40
    ISVOID      сдвиг, и переход в состояние 41
    STR_CONST   сдвиг, и переход в состояние 42
    INT_CONST   сдвиг, и переход в состояние 43
    BOOL_CONST  сдвиг, и переход в состояние 44
    OBJECTID    сдвиг, и переход в состояние 45
    NOT         сдвиг, и переход в состояние 46
    '~'         сдвиг, и переход в состояние 47
    '{'         сдвиг, и переход в состояние 48
    '('         сдвиг, и переход в состояние 49

    expr      переход в состояние 99
    let_expr  переход в состояние 51


Состояние 75

   43 expr: expr '=' • expr

    IF          сдвиг, и переход в состояние 36
    LET         сдвиг, и переход в состояние 37
    WHILE       сдвиг, и переход в состояние 38
    CASE        сдвиг, и переход в состояние 39
    NEW         сдвиг, и переход в состояние 40
    ISVOID      сдвиг, и переход в состояние 41
    STR_CONST   сдвиг, и переход в состояние 42
    INT_CONST   сдвиг, и переход в состояние 43
    BOOL_CONST  сдвиг, и переход в состояние 44
    OBJECTID    сдвиг, и переход в состояние 45
    NOT         сдвиг, и переход в состояние 46
    '~'         сдвиг, и переход в состояние 47
    '{'         сдвиг, и переход в состояние 48
    '('         сдвиг, и переход в состояние 49

    expr      переход в состояние 100
    let_expr  переход в состояние 51


Состояние 76

   37 expr: expr '+' • expr

    IF          сдвиг, и переход в состояние 36
    LET         сдвиг, и переход в состояние 37
    WHILE       сдвиг, и переход в состояние 38
    CASE        сдвиг, и переход в состояние 39
    NEW         сдвиг, и переход в состояние 40
    ISVOID      сдвиг, и переход в состояние 41
    STR_CONST   сдвиг, и переход в состояние 42
    INT_CONST   сдвиг, и переход в состояние 43
    BOOL_CONST  сдвиг, и переход в состояние 44
    OBJECTID    сдвиг, и переход в состояние 45
    NOT         сдвиг, и переход в состояние 46
    '~'         сдвиг, и переход в состояние 47
    '{'         сдвиг, и переход в состояние 48
    '('         сдвиг, и переход в состояние 49

    expr      переход в состояние 101
    let_expr  переход в состояние 51


Состояние 77

   38 expr: expr '-' • expr

    IF          сдвиг, и переход в состояние 36
    LET         сдвиг, и переход в состояние 37
    WHILE       сдвиг, и переход в состояние 38
    CASE        сдвиг, и переход в состояние 39
    NEW         сдвиг, и переход в состояние 40
    ISVOID      сдвиг, и переход в состояние 41
    STR_CONST   сдвиг, и переход в состояние 42
    INT_CONST   сдвиг, и переход в состояние 43
    BOOL_CONST  сдвиг, и переход в состояние 44
    OBJECTID    сдвиг, и переход в состояние 45
    NOT         сдвиг, и переход в состояние 46
    '~'         сдвиг, и переход в состояние 47
    '{'         сдвиг, и переход в состояние 48
    '('         сдвиг, и переход в состояние 49

    expr      переход в состояние 102
    let_expr  переход в состояние 51


Состояние 78

   39 expr: expr '*' • expr

    IF          сдвиг, и переход в состояние 36
    LET         сдвиг, и переход в состояние 37
    WHILE       сдвиг, и переход в состояние 38
    CASE        сдвиг, и переход в состояние 39
    NEW         сдвиг, и переход в состояние 40
    ISVOID      сдвиг, и переход в состояние 41
    STR_CONST   сдвиг, и переход в состояние 42
    INT_CONST   сдвиг, и переход в состояние 43
    BOOL_CONST  сдвиг, и переход в состояние 44
    OBJECTID    сдвиг, и переход в состояние 45
    NOT         сдвиг, и переход в состояние 46
    '~'         сдвиг, и переход в состояние 47
    '{'         сдвиг, и переход в состояние 48
    '('         сдвиг, и переход в состояние 49

    expr      переход в состояние 103
    let_expr  переход в состояние 51


Состояние 79

   40 expr: expr '/' • expr

    IF          сдвиг, и переход в состояние 36
    LET         сдвиг, и переход в состояние 37
    WHILE       сдвиг, и переход в состояние 38
    CASE        сдвиг, и переход в состояние 39
    NEW         сдвиг, и переход в состояние 40
    ISVOID      сдвиг, и переход в состояние 41
    STR_CONST   сдвиг, и переход в состояние 42
    INT_CONST   сдвиг, и переход в состояние 43
    BOOL_CONST  сдвиг, и переход в состояние 44
    OBJECTID    сдвиг, и переход в состояние 45
    NOT         сдвиг, и переход в состояние 46
    '~'         сдвиг, и переход в состояние 47
    '{'         сдвиг, и переход в состояние 48
    '('         сдвиг, и переход в состояние 49

    expr      переход в состояние 104
    let_expr  переход в состояние 51


Состояние 80

   29 expr: expr '@' • TYPEID '.' OBJECTID '(' expr_list_comma ')'

    TYPEID  сдвиг, и переход в состояние 105


Состояние 81

   27 expr: expr '.' • OBJECTID '(' expr_list_comma ')'

    OBJECTID  сдвиг, и переход в состояние 106


Состояние 82

   10 feature: OBJECTID '(' formal_list ')' ':' TYPEID • '{' expr '}' ';'

    '{'  сдвиг, и переход в состояние 107


Состояние 83

   30 expr: IF expr THEN • expr ELSE expr FI

    IF          сдвиг, и переход в состояние 36
    LET         сдвиг, и переход в состояние 37
    WHILE       сдвиг, и переход в состояние 38
    CASE        сдвиг, и переход в состояние 39
    NEW         сдвиг, и переход в состояние 40
    ISVOID      сдвиг, и переход в состояние 41
    STR_CONST   сдвиг, и переход в состояние 42
    INT_CONST   сдвиг, и переход в состояние 43
    BOOL_CONST  сдвиг, и переход в состояние 44
    OBJECTID    сдвиг, и переход в состояние 45
    NOT         сдвиг, и переход в состояние 46
    '~'         сдвиг, и переход в состояние 47
    '{'         сдвиг, и переход в состояние 48
    '('         сдвиг, и переход в состояние 49

    expr      переход в состояние 108
    let_expr  переход в состояние 51


Состояние 84

   53 let_binding_list: error ',' • let_binding

    OBJECTID  сдвиг, и переход в состояние 58

    let_binding  переход в состояние 109


Состояние 85

   54 let_binding: OBJECTID ':' • TYPEID optional_assign

    TYPEID  сдвиг, и переход в состояние 110


Состояние 86

   50 let_expr: LET let_binding_list IN • expr

    IF          сдвиг, и переход в состояние 36
    LET         сдвиг, и переход в состояние 37
    WHILE       сдвиг, и переход в состояние 38
    CASE        сдвиг, и переход в состояние 39
    NEW         сдвиг, и переход в состояние 40
    ISVOID      сдвиг, и переход в состояние 41
    STR_CONST   сдвиг, и переход в состояние 42
    INT_CONST   сдвиг, и переход в состояние 43
    BOOL_CONST  сдвиг, и переход в состояние 44
    OBJECTID    сдвиг, и переход в состояние 45
    NOT         сдвиг, и переход в состояние 46
    '~'         сдвиг, и переход в состояние 47
    '{'         сдвиг, и переход в состояние 48
    '('         сдвиг, и переход в состояние 49

    expr      переход в состояние 111
    let_expr  переход в состояние 51


Состояние 87

   52 let_binding_list: let_binding_list ',' • let_binding

    OBJECTID  сдвиг, и переход в состояние 58

    let_binding  переход в состояние 112


Состояние 88

   31 expr: WHILE expr LOOP • expr POOL

    IF          сдвиг, и переход в состояние 36
    LET         сдвиг, и переход в состояние 37
    WHILE       сдвиг, и переход в состояние 38
    CASE        сдвиг, и переход в состояние 39
    NEW         сдвиг, и переход в состояние 40
    ISVOID      сдвиг, и переход в состояние 41
    STR_CONST   сдвиг, и переход в состояние 42
    INT_CONST   сдвиг, и переход в состояние 43
    BOOL_CONST  сдвиг, и переход в состояние 44
    OBJECTID    сдвиг, и переход в состояние 45
    NOT         сдвиг, и переход в состояние 46
    '~'         сдвиг, и переход в состояние 47
    '{'         сдвиг, и переход в состояние 48
    '('         сдвиг, и переход в состояние 49

    expr      переход в состояние 113
    let_expr  переход в состояние 51


Состояние 89

   34 expr: CASE expr OF • case_list ESAC

    $default  вывод с использованием правила 47 (case_list)

    case_list  переход в состояние 114


Состояние 90

   26 expr: OBJECTID ASSIGN expr •
   27     | expr • '.' OBJECTID '(' expr_list_comma ')'
   29     | expr • '@' TYPEID '.' OBJECTID '(' expr_list_comma ')'
   37     | expr • '+' expr
   38     | expr • '-' expr
   39     | expr • '*' expr
   40     | expr • '/' expr
   42     | expr • '<' expr
   43     | expr • '=' expr
   44     | expr • LE expr

    LE   сдвиг, и переход в состояние 73
    '<'  сдвиг, и переход в состояние 74
    '='  сдвиг, и переход в состояние 75
    '+'  сдвиг, и переход в состояние 76
    '-'  сдвиг, и переход в состояние 77
    '*'  сдвиг, и переход в состояние 78
    '/'  сдвиг, и переход в состояние 79
    '@'  сдвиг, и переход в состояние 80
    '.'  сдвиг, и переход в состояние 81

    $default  вывод с использованием правила 26 (expr)


Состояние 91

   18 expr_list_comma: expr_list_comma • ',' expr
   28 expr: OBJECTID '(' expr_list_comma • ')'

    ')'  сдвиг, и переход в состояние 115
    ','  сдвиг, и переход в состояние 116


Состояние 92

   17 expr_list_comma: expr •
   27 expr: expr • '.' OBJECTID '(' expr_list_comma ')'
   29     | expr • '@' TYPEID '.' OBJECTID '(' expr_list_comma ')'
   37     | expr • '+' expr
   38     | expr • '-' expr
   39     | expr • '*' expr
   40     | expr • '/' expr
   42     | expr • '<' expr
   43     | expr • '=' expr
   44     | expr • LE expr

    LE   сдвиг, и переход в состояние 73
    '<'  сдвиг, и переход в состояние 74
    '='  сдвиг, и переход в состояние 75
    '+'  сдвиг, и переход в состояние 76
    '-'  сдвиг, и переход в состояние 77
    '*'  сдвиг, и переход в состояние 78
    '/'  сдвиг, и переход в состояние 79
    '@'  сдвиг, и переход в состояние 80
    '.'  сдвиг, и переход в состояние 81

    $default  вывод с использованием правила 17 (expr_list_comma)


Состояние 93

   21 expr_list_simicolon: error ';' •

    $default  вывод с использованием правила 21 (expr_list_simicolon)


Состояние 94

   32 expr: '{' expr_list_simicolon '}' •

    $default  вывод с использованием правила 32 (expr)


Состояние 95

   20 expr_list_simicolon: expr_list_simicolon expr • ';'
   27 expr: expr • '.' OBJECTID '(' expr_list_comma ')'
   29     | expr • '@' TYPEID '.' OBJECTID '(' expr_list_comma ')'
   37     | expr • '+' expr
   38     | expr • '-' expr
   39     | expr • '*' expr
   40     | expr • '/' expr
   42     | expr • '<' expr
   43     | expr • '=' expr
   44     | expr • LE expr

    LE   сдвиг, и переход в состояние 73
    '<'  сдвиг, и переход в состояние 74
    '='  сдвиг, и переход в состояние 75
    '+'  сдвиг, и переход в состояние 76
    '-'  сдвиг, и переход в состояние 77
    '*'  сдвиг, и переход в состояние 78
    '/'  сдвиг, и переход в состояние 79
    '@'  сдвиг, и переход в состояние 80
    '.'  сдвиг, и переход в состояние 81
    ';'  сдвиг, и переход в состояние 117


Состояние 96

   19 expr_list_simicolon: expr ';' •

    $default  вывод с использованием правила 19 (expr_list_simicolon)


Состояние 97

   46 expr: '(' expr ')' •

    $default  вывод с использованием правила 46 (expr)


Состояние 98

   27 expr: expr • '.' OBJECTID '(' expr_list_comma ')'
   29     | expr • '@' TYPEID '.' OBJECTID '(' expr_list_comma ')'
   37     | expr • '+' expr
   38     | expr • '-' expr
   39     | expr • '*' expr
   40     | expr • '/' expr
   42     | expr • '<' expr
   43     | expr • '=' expr
   44     | expr • LE expr
   44     | expr LE expr •

    '+'  сдвиг, и переход в состояние 76
    '-'  сдвиг, и переход в состояние 77
    '*'  сдвиг, и переход в состояние 78
    '/'  сдвиг, и переход в состояние 79
    '@'  сдвиг, и переход в состояние 80
    '.'  сдвиг, и переход в состояние 81

    LE   ошибка (неассоциативная)
    '<'  ошибка (неассоциативная)
    '='  ошибка (неассоциативная)

    $default  вывод с использованием правила 44 (expr)


Состояние 99

   27 expr: expr • '.' OBJECTID '(' expr_list_comma ')'
   29     | expr • '@' TYPEID '.' OBJECTID '(' expr_list_comma ')'
   37     | expr • '+' expr
   38     | expr • '-' expr
   39     | expr • '*' expr
   40     | expr • '/' expr
   42     | expr • '<' expr
   42     | expr '<' expr •
   43     | expr • '=' expr
   44     | expr • LE expr

    '+'  сдвиг, и переход в состояние 76
    '-'  сдвиг, и переход в состояние 77
    '*'  сдвиг, и переход в состояние 78
    '/'  сдвиг, и переход в состояние 79
    '@'  сдвиг, и переход в состояние 80
    '.'  сдвиг, и переход в состояние 81

    LE   ошибка (неассоциативная)
    '<'  ошибка (неассоциативная)
    '='  ошибка (неассоциативная)

    $default  вывод с использованием правила 42 (expr)


Состояние 100

   27 expr: expr • '.' OBJECTID '(' expr_list_comma ')'
   29     | expr • '@' TYPEID '.' OBJECTID '(' expr_list_comma ')'
   37     | expr • '+' expr
   38     | expr • '-' expr
   39     | expr • '*' expr
   40     | expr • '/' expr
   42     | expr • '<' expr
   43     | expr • '=' expr
   43     | expr '=' expr •
   44     | expr • LE expr

    '+'  сдвиг, и переход в состояние 76
    '-'  сдвиг, и переход в состояние 77
    '*'  сдвиг, и переход в состояние 78
    '/'  сдвиг, и переход в состояние 79
    '@'  сдвиг, и переход в состояние 80
    '.'  сдвиг, и переход в состояние 81

    LE   ошибка (неассоциативная)
    '<'  ошибка (неассоциативная)
    '='  ошибка (неассоциативная)

    $default  вывод с использованием правила 43 (expr)


Состояние 101

   27 expr: expr • '.' OBJECTID '(' expr_list_comma ')'
   29     | expr • '@' TYPEID '.' OBJECTID '(' expr_list_comma ')'
   37     | expr • '+' expr
   37     | expr '+' expr •
   38     | expr • '-' expr
   39     | expr • '*' expr
   40     | expr • '/' expr
   42     | expr • '<' expr
   43     | expr • '=' expr
   44     | expr • LE expr

    '*'  сдвиг, и переход в состояние 78
    '/'  сдвиг, и переход в состояние 79
    '@'  сдвиг, и переход в состояние 80
    '.'  сдвиг, и переход в состояние 81

    $default  вывод с использованием правила 37 (expr)


Состояние 102

   27 expr: expr • '.' OBJECTID '(' expr_list_comma ')'
   29     | expr • '@' TYPEID '.' OBJECTID '(' expr_list_comma ')'
   37     | expr • '+' expr
   38     | expr • '-' expr
   38     | expr '-' expr •
   39     | expr • '*' expr
   40     | expr • '/' expr
   42     | expr • '<' expr
   43     | expr • '=' expr
   44     | expr • LE expr

    '*'  сдвиг, и переход в состояние 78
    '/'  сдвиг, и переход в состояние 79
    '@'  сдвиг, и переход в состояние 80
    '.'  сдвиг, и переход в состояние 81

    $default  вывод с использованием правила 38 (expr)


Состояние 103

   27 expr: expr • '.' OBJECTID '(' expr_list_comma ')'
   29     | expr • '@' TYPEID '.' OBJECTID '(' expr_list_comma ')'
   37     | expr • '+' expr
   38     | expr • '-' expr
   39     | expr • '*' expr
   39     | expr '*' expr •
   40     | expr • '/' expr
   42     | expr • '<' expr
   43     | expr • '=' expr
   44     | expr • LE expr

    '@'  сдвиг, и переход в состояние 80
    '.'  сдвиг, и переход в состояние 81

    $default  вывод с использованием правила 39 (expr)


Состояние 104

   27 expr: expr • '.' OBJECTID '(' expr_list_comma ')'
   29     | expr • '@' TYPEID '.' OBJECTID '(' expr_list_comma ')'
   37     | expr • '+' expr
   38     | expr • '-' expr
   39     | expr • '*' expr
   40     | expr • '/' expr
   40     | expr '/' expr •
   42     | expr • '<' expr
   43     | expr • '=' expr
   44     | expr • LE expr

    '@'  сдвиг, и переход в состояние 80
    '.'  сдвиг, и переход в состояние 81

    $default  вывод с использованием правила 40 (expr)


Состояние 105

   29 expr: expr '@' TYPEID • '.' OBJECTID '(' expr_list_comma ')'

    '.'  сдвиг, и переход в состояние 118


Состояние 106

   27 expr: expr '.' OBJECTID • '(' expr_list_comma ')'

    '('  сдвиг, и переход в состояние 119


Состояние 107

   10 feature: OBJECTID '(' formal_list ')' ':' TYPEID '{' • expr '}' ';'

    IF          сдвиг, и переход в состояние 36
    LET         сдвиг, и переход в состояние 37
    WHILE       сдвиг, и переход в состояние 38
    CASE        сдвиг, и переход в состояние 39
    NEW         сдвиг, и переход в состояние 40
    ISVOID      сдвиг, и переход в состояние 41
    STR_CONST   сдвиг, и переход в состояние 42
    INT_CONST   сдвиг, и переход в состояние 43
    BOOL_CONST  сдвиг, и переход в состояние 44
    OBJECTID    сдвиг, и переход в состояние 45
    NOT         сдвиг, и переход в состояние 46
    '~'         сдвиг, и переход в состояние 47
    '{'         сдвиг, и переход в состояние 48
    '('         сдвиг, и переход в состояние 49

    expr      переход в состояние 120
    let_expr  переход в состояние 51


Состояние 108

   27 expr: expr • '.' OBJECTID '(' expr_list_comma ')'
   29     | expr • '@' TYPEID '.' OBJECTID '(' expr_list_comma ')'
   30     | IF expr THEN expr • ELSE expr FI
   37     | expr • '+' expr
   38     | expr • '-' expr
   39     | expr • '*' expr
   40     | expr • '/' expr
   42     | expr • '<' expr
   43     | expr • '=' expr
   44     | expr • LE expr

    ELSE  сдвиг, и переход в состояние 121
    LE    сдвиг, и переход в состояние 73
    '<'   сдвиг, и переход в состояние 74
    '='   сдвиг, и переход в состояние 75
    '+'   сдвиг, и переход в состояние 76
    '-'   сдвиг, и переход в состояние 77
    '*'   сдвиг, и переход в состояние 78
    '/'   сдвиг, и переход в состояние 79
    '@'   сдвиг, и переход в состояние 80
    '.'   сдвиг, и переход в состояние 81


Состояние 109

   53 let_binding_list: error ',' let_binding •

    $default  вывод с использованием правила 53 (let_binding_list)


Состояние 110

   54 let_binding: OBJECTID ':' TYPEID • optional_assign

    ASSIGN  сдвиг, и переход в состояние 31

    $default  вывод с использованием правила 55 (optional_assign)

    optional_assign  переход в состояние 122


Состояние 111

   27 expr: expr • '.' OBJECTID '(' expr_list_comma ')'
   29     | expr • '@' TYPEID '.' OBJECTID '(' expr_list_comma ')'
   37     | expr • '+' expr
   38     | expr • '-' expr
   39     | expr • '*' expr
   40     | expr • '/' expr
   42     | expr • '<' expr
   43     | expr • '=' expr
   44     | expr • LE expr
   50 let_expr: LET let_binding_list IN expr •

    LE   сдвиг, и переход в состояние 73
    '<'  сдвиг, и переход в состояние 74
    '='  сдвиг, и переход в состояние 75
    '+'  сдвиг, и переход в состояние 76
    '-'  сдвиг, и переход в состояние 77
    '*'  сдвиг, и переход в состояние 78
    '/'  сдвиг, и переход в состояние 79
    '@'  сдвиг, и переход в состояние 80
    '.'  сдвиг, и переход в состояние 81

    $default  вывод с использованием правила 50 (let_expr)


Состояние 112

   52 let_binding_list: let_binding_list ',' let_binding •

    $default  вывод с использованием правила 52 (let_binding_list)


Состояние 113

   27 expr: expr • '.' OBJECTID '(' expr_list_comma ')'
   29     | expr • '@' TYPEID '.' OBJECTID '(' expr_list_comma ')'
   31     | WHILE expr LOOP expr • POOL
   37     | expr • '+' expr
   38     | expr • '-' expr
   39     | expr • '*' expr
   40     | expr • '/' expr
   42     | expr • '<' expr
   43     | expr • '=' expr
   44     | expr • LE expr

    POOL  сдвиг, и переход в состояние 123
    LE    сдвиг, и переход в состояние 73
    '<'   сдвиг, и переход в состояние 74
    '='   сдвиг, и переход в состояние 75
    '+'   сдвиг, и переход в состояние 76
    '-'   сдвиг, и переход в состояние 77
    '*'   сдвиг, и переход в состояние 78
    '/'   сдвиг, и переход в состояние 79
    '@'   сдвиг, и переход в состояние 80
    '.'   сдвиг, и переход в состояние 81


Состояние 114

   34 expr: CASE expr OF case_list • ESAC
   48 case_list: case_list • case

    ESAC      сдвиг, и переход в состояние 124
    OBJECTID  сдвиг, и переход в состояние 125

    case  переход в состояние 126


Состояние 115

   28 expr: OBJECTID '(' expr_list_comma ')' •

    $default  вывод с использованием правила 28 (expr)


Состояние 116

   18 expr_list_comma: expr_list_comma ',' • expr

    IF          сдвиг, и переход в состояние 36
    LET         сдвиг, и переход в состояние 37
    WHILE       сдвиг, и переход в состояние 38
    CASE        сдвиг, и переход в состояние 39
    NEW         сдвиг, и переход в состояние 40
    ISVOID      сдвиг, и переход в состояние 41
    STR_CONST   сдвиг, и переход в состояние 42
    INT_CONST   сдвиг, и переход в состояние 43
    BOOL_CONST  сдвиг, и переход в состояние 44
    OBJECTID    сдвиг, и переход в состояние 45
    NOT         сдвиг, и переход в состояние 46
    '~'         сдвиг, и переход в состояние 47
    '{'         сдвиг, и переход в состояние 48
    '('         сдвиг, и переход в состояние 49

    expr      переход в состояние 127
    let_expr  переход в состояние 51


Состояние 117

   20 expr_list_simicolon: expr_list_simicolon expr ';' •

    $default  вывод с использованием правила 20 (expr_list_simicolon)


Состояние 118

   29 expr: expr '@' TYPEID '.' • OBJECTID '(' expr_list_comma ')'

    OBJECTID  сдвиг, и переход в состояние 128


Состояние 119

   27 expr: expr '.' OBJECTID '(' • expr_list_comma ')'

    IF          сдвиг, и переход в состояние 36
    LET         сдвиг, и переход в состояние 37
    WHILE       сдвиг, и переход в состояние 38
    CASE        сдвиг, и переход в состояние 39
    NEW         сдвиг, и переход в состояние 40
    ISVOID      сдвиг, и переход в состояние 41
    STR_CONST   сдвиг, и переход в состояние 42
    INT_CONST   сдвиг, и переход в состояние 43
    BOOL_CONST  сдвиг, и переход в состояние 44
    OBJECTID    сдвиг, и переход в состояние 45
    NOT         сдвиг, и переход в состояние 46
    '~'         сдвиг, и переход в состояние 47
    '{'         сдвиг, и переход в состояние 48
    '('         сдвиг, и переход в состояние 49

    $default  вывод с использованием правила 16 (expr_list_comma)

    expr_list_comma  переход в состояние 129
    expr             переход в состояние 92
    let_expr         переход в состояние 51


Состояние 120

   10 feature: OBJECTID '(' formal_list ')' ':' TYPEID '{' expr • '}' ';'
   27 expr: expr • '.' OBJECTID '(' expr_list_comma ')'
   29     | expr • '@' TYPEID '.' OBJECTID '(' expr_list_comma ')'
   37     | expr • '+' expr
   38     | expr • '-' expr
   39     | expr • '*' expr
   40     | expr • '/' expr
   42     | expr • '<' expr
   43     | expr • '=' expr
   44     | expr • LE expr

    LE   сдвиг, и переход в состояние 73
    '<'  сдвиг, и переход в состояние 74
    '='  сдвиг, и переход в состояние 75
    '+'  сдвиг, и переход в состояние 76
    '-'  сдвиг, и переход в состояние 77
    '*'  сдвиг, и переход в состояние 78
    '/'  сдвиг, и переход в состояние 79
    '@'  сдвиг, и переход в состояние 80
    '.'  сдвиг, и переход в состояние 81
    '}'  сдвиг, и переход в состояние 130


Состояние 121

   30 expr: IF expr THEN expr ELSE • expr FI

    IF          сдвиг, и переход в состояние 36
    LET         сдвиг, и переход в состояние 37
    WHILE       сдвиг, и переход в состояние 38
    CASE        сдвиг, и переход в состояние 39
    NEW         сдвиг, и переход в состояние 40
    ISVOID      сдвиг, и переход в состояние 41
    STR_CONST   сдвиг, и переход в состояние 42
    INT_CONST   сдвиг, и переход в состояние 43
    BOOL_CONST  сдвиг, и переход в состояние 44
    OBJECTID    сдвиг, и переход в состояние 45
    NOT         сдвиг, и переход в состояние 46
    '~'         сдвиг, и переход в состояние 47
    '{'         сдвиг, и переход в состояние 48
    '('         сдвиг, и переход в состояние 49

    expr      переход в состояние 131
    let_expr  переход в состояние 51


Состояние 122

   54 let_binding: OBJECTID ':' TYPEID optional_assign •

    $default  вывод с использованием правила 54 (let_binding)


Состояние 123

   31 expr: WHILE expr LOOP expr POOL •

    $default  вывод с использованием правила 31 (expr)


Состояние 124

   34 expr: CASE expr OF case_list ESAC •

    $default  вывод с использованием правила 34 (expr)


Состояние 125

   49 case: OBJECTID • ':' TYPEID DARROW expr ';'

    ':'  сдвиг, и переход в состояние 132


Состояние 126

   48 case_list: case_list case •

    $default  вывод с использованием правила 48 (case_list)


Состояние 127

   18 expr_list_comma: expr_list_comma ',' expr •
   27 expr: expr • '.' OBJECTID '(' expr_list_comma ')'
   29     | expr • '@' TYPEID '.' OBJECTID '(' expr_list_comma ')'
   37     | expr • '+' expr
   38     | expr • '-' expr
   39     | expr • '*' expr
   40     | expr • '/' expr
   42     | expr • '<' expr
   43     | expr • '=' expr
   44     | expr • LE expr

    LE   сдвиг, и переход в состояние 73
    '<'  сдвиг, и переход в состояние 74
    '='  сдвиг, и переход в состояние 75
    '+'  сдвиг, и переход в состояние 76
    '-'  сдвиг, и переход в состояние 77
    '*'  сдвиг, и переход в состояние 78
    '/'  сдвиг, и переход в состояние 79
    '@'  сдвиг, и переход в состояние 80
    '.'  сдвиг, и переход в состояние 81

    $default  вывод с использованием правила 18 (expr_list_comma)


Состояние 128

   29 expr: expr '@' TYPEID '.' OBJECTID • '(' expr_list_comma ')'

    '('  сдвиг, и переход в состояние 133


Состояние 129

   18 expr_list_comma: expr_list_comma • ',' expr
   27 expr: expr '.' OBJECTID '(' expr_list_comma • ')'

    ')'  сдвиг, и переход в состояние 134
    ','  сдвиг, и переход в состояние 116


Состояние 130

   10 feature: OBJECTID '(' formal_list ')' ':' TYPEID '{' expr '}' • ';'

    ';'  сдвиг, и переход в состояние 135


Состояние 131

   27 expr: expr • '.' OBJECTID '(' expr_list_comma ')'
   29     | expr • '@' TYPEID '.' OBJECTID '(' expr_list_comma ')'
   30     | IF expr THEN expr ELSE expr • FI
   37     | expr • '+' expr
   38     | expr • '-' expr
   39     | expr • '*' expr
   40     | expr • '/' expr
   42     | expr • '<' expr
   43     | expr • '=' expr
   44     | expr • LE expr

    FI   сдвиг, и переход в состояние 136
    LE   сдвиг, и переход в состояние 73
    '<'  сдвиг, и переход в состояние 74
    '='  сдвиг, и переход в состояние 75
    '+'  сдвиг, и переход в состояние 76
    '-'  сдвиг, и переход в состояние 77
    '*'  сдвиг, и переход в состояние 78
    '/'  сдвиг, и переход в состояние 79
    '@'  сдвиг, и переход в состояние 80
    '.'  сдвиг, и переход в состояние 81


Состояние 132

   49 case: OBJECTID ':' • TYPEID DARROW expr ';'

    TYPEID  сдвиг, и переход в состояние 137


Состояние 133

   29 expr: expr '@' TYPEID '.' OBJECTID '(' • expr_list_comma ')'

    IF          сдвиг, и переход в состояние 36
    LET         сдвиг, и переход в состояние 37
    WHILE       сдвиг, и переход в состояние 38
    CASE        сдвиг, и переход в состояние 39
    NEW         сдвиг, и переход в состояние 40
    ISVOID      сдвиг, и переход в состояние 41
    STR_CONST   сдвиг, и переход в состояние 42
    INT_CONST   сдвиг, и переход в состояние 43
    BOOL_CONST  сдвиг, и переход в состояние 44
    OBJECTID    сдвиг, и переход в состояние 45
    NOT         сдвиг, и переход в состояние 46
    '~'         сдвиг, и переход в состояние 47
    '{'         сдвиг, и переход в состояние 48
    '('         сдвиг, и переход в состояние 49

    $default  вывод с использованием правила 16 (expr_list_comma)

    expr_list_comma  переход в состояние 138
    expr             переход в состояние 92
    let_expr         переход в состояние 51


Состояние 134

   27 expr: expr '.' OBJECTID '(' expr_list_comma ')' •

    $default  вывод с использованием правила 27 (expr)


Состояние 135

   10 feature: OBJECTID '(' formal_list ')' ':' TYPEID '{' expr '}' ';' •

    $default  вывод с использованием правила 10 (feature)


Состояние 136

   30 expr: IF expr THEN expr ELSE expr FI •

    $default  вывод с использованием правила 30 (expr)


Состояние 137

   49 case: OBJECTID ':' TYPEID • DARROW expr ';'

    DARROW  сдвиг, и переход в состояние 139


Состояние 138

   18 expr_list_comma: expr_list_comma • ',' expr
   29 expr: expr '@' TYPEID '.' OBJECTID '(' expr_list_comma • ')'

    ')'  сдвиг, и переход в состояние 140
    ','  сдвиг, и переход в состояние 116


Состояние 139

   49 case: OBJECTID ':' TYPEID DARROW • expr ';'

    IF          сдвиг, и переход в состояние 36
    LET         сдвиг, и переход в состояние 37
    WHILE       сдвиг, и переход в состояние 38
    CASE        сдвиг, и переход в состояние 39
    NEW         сдвиг, и переход в состояние 40
    ISVOID      сдвиг, и переход в состояние 41
    STR_CONST   сдвиг, и переход в состояние 42
    INT_CONST   сдвиг, и переход в состояние 43
    BOOL_CONST  сдвиг, и переход в состояние 44
    OBJECTID    сдвиг, и переход в состояние 45
    NOT         сдвиг, и переход в состояние 46
    '~'         сдвиг, и переход в состояние 47
    '{'         сдвиг, и переход в состояние 48
    '('         сдвиг, и переход в состояние 49

    expr      переход в состояние 141
    let_expr  переход в состояние 51


Состояние 140

   29 expr: expr '@' TYPEID '.' OBJECTID '(' expr_list_comma ')' •

    $default  вывод с использованием правила 29 (expr)


Состояние 141

   27 expr: expr • '.' OBJECTID '(' expr_list_comma ')'
   29     | expr • '@' TYPEID '.' OBJECTID '(' expr_list_comma ')'
   37     | expr • '+' expr
   38     | expr • '-' expr
   39     | expr • '*' expr
   40     | expr • '/' expr
   42     | expr • '<' expr
   43     | expr • '=' expr
   44     | expr • LE expr
   49 case: OBJECTID ':' TYPEID DARROW expr • ';'

    LE   сдвиг, и переход в состояние 73
    '<'  сдвиг, и переход в состояние 74
    '='  сдвиг, и переход в состояние 75
    '+'  сдвиг, и переход в состояние 76
    '-'  сдвиг, и переход в состояние 77
    '*'  сдвиг, и переход в состояние 78
    '/'  сдвиг, и переход в состояние 79
    '@'  сдвиг, и переход в состояние 80
    '.'  сдвиг, и переход в состояние 81
    ';'  сдвиг, и переход в состояние 142


Состояние 142

   49 case: OBJECTID ':' TYPEID DARROW expr ';' •

    $default  вывод с использованием правила 49 (case)
