-- Could NOT find LibEdit (missing: LibEdit_INCLUDE_DIRS LibEdit_LIBRARIES) 
-- Could NOT find CURL (missing: CURL_LIBRARY CURL_INCLUDE_DIR) 
-- Found LLVM 18.1.3
-- Using LLVMConfig.cmake in: /usr/lib/llvm-18/cmake
-- Building with -fPIC
-- Registering CallProfiler as a pass plugin (static build: OFF)
-- Configuring done (0.3s)
-- Generating done (0.0s)
-- Build files have been written to: /home/nikita/sibsutis/semester_7/KT/lab_6/compilers-fall-lec6/callprofiler/build
[run] Configured CallProfiler
[100%] Built target CallProfiler
[run] Built CallProfiler
[run] Compiled prog.c -> prog.ll
[run] Ran callprofiler pass for function getpid
[run] Turned binary into IR
; ModuleID = 'prog_instr.bc'
source_filename = "../runtime/prog.c"
target datalayout = "e-m:e-p270:32:32-p271:32:32-p272:64:64-i64:64-i128:128-f80:128-n8:16:32:64-S128"
target triple = "x86_64-pc-linux-gnu"

@.str = private unnamed_addr constant [9 x i8] c"PID: %d\0A\00", align 1
@0 = private unnamed_addr constant [7 x i8] c"getpid\00", align 1

; Function Attrs: nounwind uwtable
define dso_local noundef i32 @main() local_unnamed_addr #0 {
  call void @__call_enter(ptr @0)
  %1 = tail call i32 @getpid() #3
  call void @__call_exit(ptr @0)
  %2 = tail call i32 (ptr, ...) @printf(ptr noundef nonnull dereferenceable(1) @.str, i32 noundef %1)
  ret i32 0
}

; Function Attrs: nounwind
declare i32 @getpid() local_unnamed_addr #1

; Function Attrs: nofree nounwind
declare noundef i32 @printf(ptr nocapture noundef readonly, ...) local_unnamed_addr #2

declare void @__call_enter(ptr)

declare void @__call_exit(ptr)

attributes #0 = { nounwind uwtable "min-legal-vector-width"="0" "no-trapping-math"="true" "stack-protector-buffer-size"="8" "target-cpu"="x86-64" "target-features"="+cmov,+cx8,+fxsr,+mmx,+sse,+sse2,+x87" "tune-cpu"="generic" }
attributes #1 = { nounwind "no-trapping-math"="true" "stack-protector-buffer-size"="8" "target-cpu"="x86-64" "target-features"="+cmov,+cx8,+fxsr,+mmx,+sse,+sse2,+x87" "tune-cpu"="generic" }
attributes #2 = { nofree nounwind "no-trapping-math"="true" "stack-protector-buffer-size"="8" "target-cpu"="x86-64" "target-features"="+cmov,+cx8,+fxsr,+mmx,+sse,+sse2,+x87" "tune-cpu"="generic" }
attributes #3 = { nounwind }

!llvm.module.flags = !{!0, !1, !2, !3}
!llvm.ident = !{!4}

!0 = !{i32 1, !"wchar_size", i32 4}
!1 = !{i32 8, !"PIC Level", i32 2}
!2 = !{i32 7, !"PIE Level", i32 2}
!3 = !{i32 7, !"uwtable", i32 2}
!4 = !{!"Ubuntu clang version 18.1.3 (1ubuntu1)"}
